#! /usr/bin/vvp
:ivl_version "11.0 (stable)";
:ivl_delay_selection "TYPICAL";
:vpi_time_precision + 0;
:vpi_module "/usr/lib/x86_64-linux-gnu/ivl/system.vpi";
:vpi_module "/usr/lib/x86_64-linux-gnu/ivl/vhdl_sys.vpi";
:vpi_module "/usr/lib/x86_64-linux-gnu/ivl/vhdl_textio.vpi";
:vpi_module "/usr/lib/x86_64-linux-gnu/ivl/v2005_math.vpi";
:vpi_module "/usr/lib/x86_64-linux-gnu/ivl/va_math.vpi";
S_0x56483c127210 .scope module, "BFU" "BFU" 2 1;
 .timescale 0 0;
    .port_info 0 /INPUT 16 "a_i";
    .port_info 1 /INPUT 16 "b_i";
    .port_info 2 /INPUT 16 "cos_k";
    .port_info 3 /INPUT 16 "isin_k";
    .port_info 4 /OUTPUT 16 "a_o";
    .port_info 5 /OUTPUT 16 "b_o";
    .port_info 6 /INPUT 1 "clk";
o0x7ff391a92018 .functor BUFZ 16, C4<zzzzzzzzzzzzzzzz>; HiZ drive
v0x56483c128bf0_0 .net "a_i", 15 0, o0x7ff391a92018;  0 drivers
v0x56483c129000_0 .var "a_o", 15 0;
o0x7ff391a92078 .functor BUFZ 16, C4<zzzzzzzzzzzzzzzz>; HiZ drive
v0x56483c16f140_0 .net "b_i", 15 0, o0x7ff391a92078;  0 drivers
v0x56483c16f200_0 .var "b_o", 15 0;
o0x7ff391a920d8 .functor BUFZ 1, C4<z>; HiZ drive
v0x56483c16f2e0_0 .net "clk", 0 0, o0x7ff391a920d8;  0 drivers
o0x7ff391a92108 .functor BUFZ 16, C4<zzzzzzzzzzzzzzzz>; HiZ drive
v0x56483c16f3f0_0 .net "cos_k", 15 0, o0x7ff391a92108;  0 drivers
o0x7ff391a92138 .functor BUFZ 16, C4<zzzzzzzzzzzzzzzz>; HiZ drive
v0x56483c16f4d0_0 .net "isin_k", 15 0, o0x7ff391a92138;  0 drivers
E_0x56483c161230 .event posedge, v0x56483c16f2e0_0;
    .scope S_0x56483c127210;
T_0 ;
    %wait E_0x56483c161230;
    %jmp T_0;
    .thread T_0;
# The file index is used to find the file name in the following table.
:file_names 3;
    "N/A";
    "<interactive>";
    "BFU.v";
